[2018-06-21 19:14:54.128] [INFO] cheese - NodeClub listening on port 3000
[2018-06-21 19:14:54.131] [INFO] cheese - God bless love....
[2018-06-21 19:14:54.132] [INFO] cheese - You can debug your app with http://localhost:3000
[2018-06-21 19:14:54.132] [INFO] cheese - 
[2018-06-21 19:14:57.772] [INFO] cheese - 

Started 2018-06-21T11:14:57.772Z GET / ::1
[2018-06-21 19:14:57.798] [DEBUG] cheese - MONGO topics.find {"conditions":{"deleted":false,"create_at":{"$gte":"2017-06-21T11:14:57.780Z"},"tab":{"$nin":["job","dev"]}},"options":{"skip":0,"limit":20,"sort":{"top":-1,"last_reply_at":-1},"fields":{}},"collectionName":"topics"} 9ms
[2018-06-21 19:14:57.801] [DEBUG] cheese - MONGO users.find {"conditions":{"is_block":false},"options":{"limit":10,"sort":{"score":-1}},"collectionName":"users"} 7ms
[2018-06-21 19:14:57.803] [DEBUG] cheese - MONGO topics.find {"conditions":{"deleted":false,"tab":{"$nin":["job","dev"]},"reply_count":0},"options":{"limit":5,"sort":{"create_at":-1},"fields":{}},"collectionName":"topics"} 8ms
[2018-06-21 19:14:57.806] [DEBUG] cheese - Cache set tops 0ms
[2018-06-21 19:14:57.808] [DEBUG] cheese - Cache set no_reply_topics 0ms
[2018-06-21 19:14:57.811] [DEBUG] cheese - Cache set {"tab":{"$nin":["job","dev"]},"create_at":{"$gte":"2017-06-21T11:14:57.780Z"},"deleted":false}pages 0ms
[2018-06-21 19:14:57.849] [INFO] cheese - Render view index (36ms)
[2018-06-21 19:14:57.855] [INFO] cheese - Completed 200 (83ms)
[2018-06-21 19:14:59.853] [INFO] cheese - 

Started 2018-06-21T11:14:59.853Z GET / ::1
[2018-06-21 19:14:59.856] [DEBUG] cheese - Cache get tops 1ms
[2018-06-21 19:14:59.857] [DEBUG] cheese - Cache get no_reply_topics 2ms
[2018-06-21 19:14:59.859] [DEBUG] cheese - MONGO topics.find {"conditions":{"deleted":false,"create_at":{"$gte":"2017-06-21T11:14:59.855Z"},"tab":{"$nin":["job","dev"]}},"options":{"skip":0,"limit":20,"sort":{"top":-1,"last_reply_at":-1},"fields":{}},"collectionName":"topics"} 3ms
[2018-06-21 19:14:59.861] [DEBUG] cheese - Cache set {"tab":{"$nin":["job","dev"]},"create_at":{"$gte":"2017-06-21T11:14:59.855Z"},"deleted":false}pages 0ms
[2018-06-21 19:14:59.875] [INFO] cheese - Render view index (13ms)
[2018-06-21 19:14:59.877] [INFO] cheese - Completed 304 (24ms)
[2018-06-21 19:15:39.502] [INFO] cheese - 

Started 2018-06-21T11:15:39.502Z GET / ::1
[2018-06-21 19:15:39.507] [DEBUG] cheese - Cache get tops 2ms
[2018-06-21 19:15:39.508] [DEBUG] cheese - Cache get no_reply_topics 3ms
[2018-06-21 19:15:39.510] [DEBUG] cheese - MONGO topics.find {"conditions":{"deleted":false,"create_at":{"$gte":"2017-06-21T11:15:39.504Z"},"tab":{"$nin":["job","dev"]}},"options":{"skip":0,"limit":20,"sort":{"top":-1,"last_reply_at":-1},"fields":{}},"collectionName":"topics"} 4ms
[2018-06-21 19:15:39.512] [DEBUG] cheese - Cache set {"tab":{"$nin":["job","dev"]},"create_at":{"$gte":"2017-06-21T11:15:39.504Z"},"deleted":false}pages 0ms
[2018-06-21 19:15:39.529] [INFO] cheese - Render view index (16ms)
[2018-06-21 19:15:39.532] [INFO] cheese - Completed 304 (30ms)
[2018-06-21 19:15:57.900] [INFO] cheese - 

Started 2018-06-21T11:15:57.900Z GET /auth/github ::1
[2018-06-21 19:15:57.903] [INFO] cheese - Completed 200 (3ms)
[2018-06-21 19:15:57.940] [INFO] cheese - 

Started 2018-06-21T11:15:57.940Z GET /favicon.ico ::1
[2018-06-21 19:15:57.943] [INFO] cheese - Completed 404 (3ms)
[2018-06-21 19:16:03.220] [INFO] cheese - 

Started 2018-06-21T11:16:03.220Z GET /signin ::1
[2018-06-21 19:16:03.233] [INFO] cheese - Render view sign/signin (11ms)
[2018-06-21 19:16:03.236] [INFO] cheese - Completed 200 (16ms)
[2018-06-21 19:16:07.720] [INFO] cheese - 

Started 2018-06-21T11:16:07.720Z GET /signup ::1
[2018-06-21 19:16:07.729] [INFO] cheese - Render view sign/signup (6ms)
[2018-06-21 19:16:07.731] [INFO] cheese - Completed 200 (11ms)
[2018-06-21 19:16:20.929] [INFO] cheese - 

Started 2018-06-21T11:16:20.929Z POST /signup ::1
[2018-06-21 19:16:20.960] [INFO] cheese - Render view sign/signup (10ms)
[2018-06-21 19:16:20.963] [INFO] cheese - Completed 422 (34ms)
[2018-06-21 19:16:27.140] [INFO] cheese - 

Started 2018-06-21T11:16:27.140Z POST /signup ::1
[2018-06-21 19:16:27.155] [DEBUG] cheese - MONGO users.find {"conditions":{"$or":[{"loginname":"dmrdmr"},{"email":"275154950@qq.com"}]},"options":{},"collectionName":"users"} 1ms
[2018-06-21 19:16:27.449] [INFO] cheese - Render view sign/signup (9ms)
[2018-06-21 19:16:27.451] [INFO] cheese - Completed 200 (311ms)
[2018-06-21 19:16:53.269] [INFO] cheese - 

Started 2018-06-21T11:16:53.268Z GET /getstart ::1
[2018-06-21 19:16:53.308] [INFO] cheese - Render view static/getstart (38ms)
[2018-06-21 19:16:53.310] [INFO] cheese - Completed 200 (42ms)
[2018-06-21 19:16:57.967] [INFO] cheese - 

Started 2018-06-21T11:16:57.967Z GET / ::1
[2018-06-21 19:16:57.974] [DEBUG] cheese - MONGO topics.find {"conditions":{"deleted":false,"create_at":{"$gte":"2017-06-21T11:16:57.968Z"},"tab":{"$nin":["job","dev"]}},"options":{"skip":0,"limit":20,"sort":{"top":-1,"last_reply_at":-1},"fields":{}},"collectionName":"topics"} 4ms
[2018-06-21 19:16:57.976] [DEBUG] cheese - MONGO users.find {"conditions":{"is_block":false},"options":{"limit":10,"sort":{"score":-1}},"collectionName":"users"} 5ms
[2018-06-21 19:16:57.979] [DEBUG] cheese - MONGO topics.find {"conditions":{"deleted":false,"tab":{"$nin":["job","dev"]},"reply_count":0},"options":{"limit":5,"sort":{"create_at":-1},"fields":{}},"collectionName":"topics"} 7ms
[2018-06-21 19:16:57.980] [DEBUG] cheese - Cache set tops 0ms
[2018-06-21 19:16:57.982] [DEBUG] cheese - Cache set no_reply_topics 0ms
[2018-06-21 19:16:57.983] [DEBUG] cheese - Cache set {"tab":{"$nin":["job","dev"]},"create_at":{"$gte":"2017-06-21T11:16:57.968Z"},"deleted":false}pages 0ms
[2018-06-21 19:16:57.999] [INFO] cheese - Render view index (15ms)
[2018-06-21 19:16:58.001] [INFO] cheese - Completed 200 (34ms)
[2018-06-21 19:17:02.780] [INFO] cheese - 

Started 2018-06-21T11:17:02.780Z GET /signin ::1
[2018-06-21 19:17:02.788] [INFO] cheese - Render view sign/signin (7ms)
[2018-06-21 19:17:02.789] [INFO] cheese - Completed 304 (9ms)
[2018-06-21 19:17:04.233] [INFO] cheese - 

Started 2018-06-21T11:17:04.233Z POST /signin ::1
[2018-06-21 19:17:04.237] [DEBUG] cheese - MONGO users.findOne {"conditions":{"loginname":{}},"options":{},"collectionName":"users"} 1ms
[2018-06-21 19:17:04.515] [INFO] cheese - Render view sign/signin (11ms)
[2018-06-21 19:17:04.519] [INFO] cheese - Completed 403 (286ms)
[2018-06-21 19:36:43.269] [INFO] cheese - NodeClub listening on port 3000
[2018-06-21 19:36:43.270] [INFO] cheese - God bless love....
[2018-06-21 19:36:43.270] [INFO] cheese - You can debug your app with http://localhost:3000
[2018-06-21 19:36:43.270] [INFO] cheese - 
[2018-06-21 19:36:53.160] [INFO] cheese - 

Started 2018-06-21T11:36:53.160Z GET / ::1
[2018-06-21 19:36:53.184] [DEBUG] cheese - [35mMONGO[39m topics.[34mfind[39m {"conditions":{"deleted":false,"create_at":{"$gte":"2017-06-21T11:36:53.169Z"},"tab":{"$nin":["job","dev"]}},"options":{"skip":0,"limit":20,"sort":{"top":-1,"last_reply_at":-1},"fields":{}},"collectionName":"topics"} [32m7ms[39m
[2018-06-21 19:36:53.184] [DEBUG] cheese - [35mMONGO[39m users.[34mfind[39m {"conditions":{"is_block":false},"options":{"limit":10,"sort":{"score":-1}},"collectionName":"users"} [32m3ms[39m
[2018-06-21 19:36:53.187] [DEBUG] cheese - [35mMONGO[39m topics.[34mfind[39m {"conditions":{"deleted":false,"tab":{"$nin":["job","dev"]},"reply_count":0},"options":{"limit":5,"sort":{"create_at":-1},"fields":{}},"collectionName":"topics"} [32m6ms[39m
[2018-06-21 19:36:53.189] [DEBUG] cheese - Cache set tops [32m1ms[39m
[2018-06-21 19:36:53.190] [DEBUG] cheese - Cache set no_reply_topics [32m1ms[39m
[2018-06-21 19:36:53.190] [DEBUG] cheese - Cache set {"tab":{"$nin":["job","dev"]},"create_at":{"$gte":"2017-06-21T11:36:53.169Z"},"deleted":false}pages [32m0ms[39m
[2018-06-21 19:36:53.209] [INFO] cheese - Render view index [32m(19ms)[39m
[2018-06-21 19:36:53.212] [INFO] cheese - Completed 200 [32m(52ms)[39m
[2018-06-21 21:13:20.617] [INFO] cheese - NodeClub listening on port 3000
[2018-06-21 21:13:20.618] [INFO] cheese - God bless love....
[2018-06-21 21:13:20.618] [INFO] cheese - You can debug your app with http://localhost:3000
[2018-06-21 21:13:20.618] [INFO] cheese - 
[2018-06-23 14:52:01.268] [INFO] cheese - NodeClub listening on port 3000
[2018-06-23 14:52:45.350] [INFO] cheese - NodeClub listening on port 3000
[2018-06-23 14:52:58.329] [INFO] cheese - NodeClub listening on port 3000
[2018-06-23 14:52:58.332] [INFO] cheese - God bless love....
[2018-06-23 14:52:58.332] [INFO] cheese - You can debug your app with http://localhost:3000
[2018-06-23 14:52:58.333] [INFO] cheese - 
[2018-06-23 14:53:19.081] [INFO] cheese - NodeClub listening on port 3000
[2018-06-23 14:53:19.083] [INFO] cheese - God bless love....
[2018-06-23 14:53:19.083] [INFO] cheese - You can debug your app with http://localhost:3000
[2018-06-23 14:53:19.083] [INFO] cheese - 
[2018-06-23 14:53:22.411] [INFO] cheese - 

Started 2018-06-23T06:53:22.410Z GET / ::1
[2018-06-23 14:53:22.430] [DEBUG] cheese - MONGO topics.find {"conditions":{"deleted":false,"create_at":{"$gte":"2017-06-23T06:53:22.417Z"},"tab":{"$nin":["job","dev"]}},"options":{"skip":0,"limit":20,"sort":{"top":-1,"last_reply_at":-1},"fields":{}},"collectionName":"topics"} 7ms
[2018-06-23 14:53:22.432] [DEBUG] cheese - Cache set {"tab":{"$nin":["job","dev"]},"create_at":{"$gte":"2017-06-23T06:53:22.417Z"},"deleted":false}pages 0ms
[2018-06-23 14:53:22.433] [DEBUG] cheese - MONGO topics.find {"conditions":{"deleted":false,"tab":{"$nin":["job","dev"]},"reply_count":0},"options":{"limit":5,"sort":{"create_at":-1},"fields":{}},"collectionName":"topics"} 7ms
[2018-06-23 14:53:22.433] [DEBUG] cheese - MONGO users.find {"conditions":{"is_block":false},"options":{"limit":10,"sort":{"score":-1}},"collectionName":"users"} 7ms
[2018-06-23 14:53:22.437] [DEBUG] cheese - Cache set no_reply_topics 0ms
[2018-06-23 14:53:22.438] [DEBUG] cheese - Cache set tops 1ms
[2018-06-23 14:53:22.456] [INFO] cheese - Render view index (18ms)
[2018-06-23 14:53:22.459] [INFO] cheese - Completed 200 (49ms)
[2018-07-06 15:32:40.989] [INFO] cheese - NodeClub listening on port 3002
[2018-07-06 15:32:40.992] [INFO] cheese - God bless love....
[2018-07-06 15:32:40.992] [INFO] cheese - You can debug your app with http://localhost:3002
[2018-07-06 15:32:40.993] [INFO] cheese - 
[2018-07-06 15:32:44.592] [INFO] cheese - 

Started 2018-07-06T07:32:44.591Z GET / ::1
[2018-07-06 15:32:44.620] [DEBUG] cheese - MONGO topics.find {"conditions":{"deleted":false,"tab":{"$nin":["job","dev"]},"reply_count":0},"options":{"limit":5,"sort":{"create_at":-1},"fields":{}},"collectionName":"topics"} 3ms
[2018-07-06 15:32:44.622] [DEBUG] cheese - Cache set no_reply_topics 0ms
[2018-07-06 15:32:44.625] [DEBUG] cheese - Cache set {"tab":{"$nin":["job","dev"]},"create_at":{"$gte":"2017-07-06T07:32:44.602Z"},"deleted":false}pages 1ms
[2018-07-06 15:32:44.627] [DEBUG] cheese - MONGO topics.find {"conditions":{"deleted":false,"create_at":{"$gte":"2017-07-06T07:32:44.602Z"},"tab":{"$nin":["job","dev"]}},"options":{"skip":0,"limit":20,"sort":{"top":-1,"last_reply_at":-1},"fields":{}},"collectionName":"topics"} 16ms
[2018-07-06 15:32:44.628] [DEBUG] cheese - MONGO users.find {"conditions":{"is_block":false},"options":{"limit":10,"sort":{"score":-1}},"collectionName":"users"} 12ms
[2018-07-06 15:32:44.634] [DEBUG] cheese - Cache set tops 1ms
[2018-07-06 15:32:44.668] [INFO] cheese - Render view index (31ms)
[2018-07-06 15:32:44.673] [INFO] cheese - Completed 200 (82ms)
[2018-07-06 15:32:47.224] [INFO] cheese - 

Started 2018-07-06T07:32:47.224Z GET /?tab=good ::1
[2018-07-06 15:32:47.228] [DEBUG] cheese - MONGO topics.find {"conditions":{"deleted":false,"good":true},"options":{"skip":0,"limit":20,"sort":{"top":-1,"last_reply_at":-1},"fields":{}},"collectionName":"topics"} 1ms
[2018-07-06 15:32:47.232] [DEBUG] cheese - Cache get tops 6ms
[2018-07-06 15:32:47.234] [DEBUG] cheese - Cache get no_reply_topics 8ms
[2018-07-06 15:32:47.235] [DEBUG] cheese - Cache set {"good":true,"deleted":false}pages 0ms
[2018-07-06 15:32:47.251] [INFO] cheese - Render view index (14ms)
[2018-07-06 15:32:47.253] [INFO] cheese - Completed 200 (29ms)
[2018-07-06 15:32:47.585] [INFO] cheese - 

Started 2018-07-06T07:32:47.585Z GET /?tab=share ::1
[2018-07-06 15:32:47.588] [DEBUG] cheese - Cache get tops 1ms
[2018-07-06 15:32:47.589] [DEBUG] cheese - Cache get no_reply_topics 2ms
[2018-07-06 15:32:47.591] [DEBUG] cheese - Cache set {"tab":"share","create_at":{"$gte":"2017-07-06T07:32:47.587Z"},"deleted":false}pages 0ms
[2018-07-06 15:32:47.595] [DEBUG] cheese - MONGO topics.find {"conditions":{"deleted":false,"create_at":{"$gte":"2017-07-06T07:32:47.587Z"},"tab":"share"},"options":{"skip":0,"limit":20,"sort":{"top":-1,"last_reply_at":-1},"fields":{}},"collectionName":"topics"} 7ms
[2018-07-06 15:32:47.610] [INFO] cheese - Render view index (14ms)
[2018-07-06 15:32:47.612] [INFO] cheese - Completed 200 (27ms)
[2018-07-06 15:32:48.258] [INFO] cheese - 

Started 2018-07-06T07:32:48.258Z GET /?tab=ask ::1
[2018-07-06 15:32:48.261] [DEBUG] cheese - Cache get tops 1ms
[2018-07-06 15:32:48.262] [DEBUG] cheese - Cache get no_reply_topics 2ms
[2018-07-06 15:32:48.264] [DEBUG] cheese - MONGO topics.find {"conditions":{"deleted":false,"create_at":{"$gte":"2017-07-06T07:32:48.260Z"},"tab":"ask"},"options":{"skip":0,"limit":20,"sort":{"top":-1,"last_reply_at":-1},"fields":{}},"collectionName":"topics"} 3ms
[2018-07-06 15:32:48.267] [DEBUG] cheese - Cache set {"tab":"ask","create_at":{"$gte":"2017-07-06T07:32:48.260Z"},"deleted":false}pages 0ms
[2018-07-06 15:32:48.285] [INFO] cheese - Render view index (17ms)
[2018-07-06 15:32:48.288] [INFO] cheese - Completed 200 (30ms)
[2018-07-06 15:32:48.641] [INFO] cheese - 

Started 2018-07-06T07:32:48.641Z GET /?tab=job ::1
[2018-07-06 15:32:48.645] [DEBUG] cheese - Cache get tops 2ms
[2018-07-06 15:32:48.646] [DEBUG] cheese - Cache get no_reply_topics 3ms
[2018-07-06 15:32:48.648] [DEBUG] cheese - MONGO topics.find {"conditions":{"deleted":false,"create_at":{"$gte":"2017-07-06T07:32:48.643Z"},"tab":"job"},"options":{"skip":0,"limit":20,"sort":{"top":-1,"last_reply_at":-1},"fields":{}},"collectionName":"topics"} 4ms
[2018-07-06 15:32:48.650] [DEBUG] cheese - Cache set {"tab":"job","create_at":{"$gte":"2017-07-06T07:32:48.643Z"},"deleted":false}pages 0ms
[2018-07-06 15:32:48.663] [INFO] cheese - Render view index (11ms)
[2018-07-06 15:32:48.667] [INFO] cheese - Completed 200 (26ms)
[2018-07-06 15:33:44.047] [INFO] cheese - 

Started 2018-07-06T07:33:44.047Z GET /?tab=good ::1
[2018-07-06 15:33:44.052] [DEBUG] cheese - Cache get tops 1ms
[2018-07-06 15:33:44.053] [DEBUG] cheese - Cache get no_reply_topics 3ms
[2018-07-06 15:33:44.055] [DEBUG] cheese - Cache get {"good":true,"deleted":false}pages 5ms
[2018-07-06 15:33:44.058] [DEBUG] cheese - MONGO topics.find {"conditions":{"deleted":false,"good":true},"options":{"skip":0,"limit":20,"sort":{"top":-1,"last_reply_at":-1},"fields":{}},"collectionName":"topics"} 8ms
[2018-07-06 15:33:44.061] [DEBUG] cheese - Cache set {"good":true,"deleted":false}pages 0ms
[2018-07-06 15:33:44.081] [INFO] cheese - Render view index (18ms)
[2018-07-06 15:33:44.084] [INFO] cheese - Completed 304 (37ms)
[2018-07-06 15:33:45.549] [INFO] cheese - 

Started 2018-07-06T07:33:45.549Z GET /?tab=share ::1
[2018-07-06 15:33:45.557] [DEBUG] cheese - MONGO topics.find {"conditions":{"deleted":false,"create_at":{"$gte":"2017-07-06T07:33:45.552Z"},"tab":"share"},"options":{"skip":0,"limit":20,"sort":{"top":-1,"last_reply_at":-1},"fields":{}},"collectionName":"topics"} 4ms
[2018-07-06 15:33:45.558] [DEBUG] cheese - MONGO users.find {"conditions":{"is_block":false},"options":{"limit":10,"sort":{"score":-1}},"collectionName":"users"} 4ms
[2018-07-06 15:33:45.561] [DEBUG] cheese - MONGO topics.find {"conditions":{"deleted":false,"tab":{"$nin":["job","dev"]},"reply_count":0},"options":{"limit":5,"sort":{"create_at":-1},"fields":{}},"collectionName":"topics"} 6ms
[2018-07-06 15:33:45.562] [DEBUG] cheese - Cache set tops 0ms
[2018-07-06 15:33:45.563] [DEBUG] cheese - Cache set no_reply_topics 0ms
[2018-07-06 15:33:45.565] [DEBUG] cheese - Cache set {"tab":"share","create_at":{"$gte":"2017-07-06T07:33:45.552Z"},"deleted":false}pages 0ms
[2018-07-06 15:33:45.579] [INFO] cheese - Render view index (13ms)
[2018-07-06 15:33:45.582] [INFO] cheese - Completed 304 (33ms)
[2018-07-06 15:33:46.398] [INFO] cheese - 

Started 2018-07-06T07:33:46.398Z GET /?tab=ask ::1
[2018-07-06 15:33:46.402] [DEBUG] cheese - Cache get tops 1ms
[2018-07-06 15:33:46.403] [DEBUG] cheese - Cache get no_reply_topics 2ms
[2018-07-06 15:33:46.405] [DEBUG] cheese - MONGO topics.find {"conditions":{"deleted":false,"create_at":{"$gte":"2017-07-06T07:33:46.401Z"},"tab":"ask"},"options":{"skip":0,"limit":20,"sort":{"top":-1,"last_reply_at":-1},"fields":{}},"collectionName":"topics"} 3ms
[2018-07-06 15:33:46.407] [DEBUG] cheese - Cache set {"tab":"ask","create_at":{"$gte":"2017-07-06T07:33:46.401Z"},"deleted":false}pages 0ms
[2018-07-06 15:33:46.416] [INFO] cheese - Render view index (8ms)
[2018-07-06 15:33:46.417] [INFO] cheese - Completed 304 (19ms)
[2018-07-06 15:33:58.446] [INFO] cheese - 

Started 2018-07-06T07:33:58.446Z GET /getstart ::1
[2018-07-06 15:33:58.488] [INFO] cheese - Render view static/getstart (40ms)
[2018-07-06 15:33:58.490] [INFO] cheese - Completed 200 (44ms)
[2018-07-06 15:34:00.095] [INFO] cheese - 

Started 2018-07-06T07:34:00.095Z GET /api ::1
[2018-07-06 15:34:00.110] [INFO] cheese - Render view static/api (13ms)
[2018-07-06 15:34:00.111] [INFO] cheese - Completed 200 (16ms)
[2018-07-06 15:34:01.182] [INFO] cheese - 

Started 2018-07-06T07:34:01.182Z GET /about ::1
[2018-07-06 15:34:01.193] [INFO] cheese - Render view static/about (9ms)
[2018-07-06 15:34:01.195] [INFO] cheese - Completed 200 (13ms)
[2018-07-06 15:34:01.799] [INFO] cheese - 

Started 2018-07-06T07:34:01.799Z GET /signup ::1
[2018-07-06 15:34:01.811] [INFO] cheese - Render view sign/signup (11ms)
[2018-07-06 15:34:01.812] [INFO] cheese - Completed 200 (13ms)
[2018-07-06 15:34:02.691] [INFO] cheese - 

Started 2018-07-06T07:34:02.691Z GET /signin ::1
[2018-07-06 15:34:02.705] [INFO] cheese - Render view sign/signin (12ms)
[2018-07-06 15:34:02.707] [INFO] cheese - Completed 200 (16ms)
[2018-07-06 17:13:46.093] [INFO] cheese - NodeClub listening on port 3002
[2018-07-06 17:13:46.095] [INFO] cheese - God bless love....
[2018-07-06 17:13:46.095] [INFO] cheese - You can debug your app with http://localhost:3002
[2018-07-06 17:13:46.095] [INFO] cheese - 
[2018-07-06 17:13:50.826] [INFO] cheese - 

Started 2018-07-06T09:13:50.826Z GET / ::1
[2018-07-06 17:13:50.851] [DEBUG] cheese - MONGO topics.find {"conditions":{"deleted":false,"create_at":{"$gte":"2017-07-06T09:13:50.835Z"},"tab":{"$nin":["job","dev"]}},"options":{"skip":0,"limit":20,"sort":{"top":-1,"last_reply_at":-1},"fields":{}},"collectionName":"topics"} 8ms
[2018-07-06 17:13:50.853] [DEBUG] cheese - MONGO users.find {"conditions":{"is_block":false},"options":{"limit":10,"sort":{"score":-1}},"collectionName":"users"} 6ms
[2018-07-06 17:13:50.857] [DEBUG] cheese - MONGO topics.find {"conditions":{"deleted":false,"tab":{"$nin":["job","dev"]},"reply_count":0},"options":{"limit":5,"sort":{"create_at":-1},"fields":{}},"collectionName":"topics"} 9ms
[2018-07-06 17:13:50.860] [DEBUG] cheese - Cache set tops 1ms
[2018-07-06 17:13:50.861] [DEBUG] cheese - Cache set no_reply_topics 0ms
[2018-07-06 17:13:50.863] [DEBUG] cheese - Cache set {"tab":{"$nin":["job","dev"]},"create_at":{"$gte":"2017-07-06T09:13:50.835Z"},"deleted":false}pages 0ms
[2018-07-06 17:13:50.885] [INFO] cheese - Render view index (21ms)
[2018-07-06 17:13:50.889] [INFO] cheese - Completed 200 (63ms)
[2018-07-06 17:13:53.825] [INFO] cheese - 

Started 2018-07-06T09:13:53.825Z GET /signup ::1
[2018-07-06 17:13:53.836] [INFO] cheese - Render view sign/signup (10ms)
[2018-07-06 17:13:53.838] [INFO] cheese - Completed 200 (13ms)
[2018-07-06 17:14:19.789] [INFO] cheese - 

Started 2018-07-06T09:14:19.789Z POST /signup ::1
[2018-07-06 17:15:26.076] [DEBUG] cheese - MONGO users.find {"conditions":{"$or":[{"loginname":"harryjack"},{"email":"cbxcvip@sina.cn"}]},"options":{},"collectionName":"users"} 15ms
[2018-07-06 17:17:40.107] [INFO] cheese - Render view sign/signup (13ms)
[2018-07-06 17:17:50.910] [INFO] cheese - 

Started 2018-07-06T09:17:50.910Z POST /signup ::1
[2018-07-06 17:17:53.466] [DEBUG] cheese - MONGO users.find {"conditions":{"$or":[{"loginname":"harryjack"},{"email":"cbxcvip@sina.cn"}]},"options":{},"collectionName":"users"} 3ms
[2018-07-06 17:17:54.131] [INFO] cheese - Render view sign/signup (15ms)
[2018-07-06 17:17:54.133] [INFO] cheese - Completed 422 (3223ms)
[2018-07-06 17:24:01.675] [INFO] cheese - NodeClub listening on port 3002
[2018-07-06 17:24:01.677] [INFO] cheese - God bless love....
[2018-07-06 17:24:01.677] [INFO] cheese - You can debug your app with http://localhost:3002
[2018-07-06 17:24:01.678] [INFO] cheese - 
[2018-07-06 17:24:05.180] [INFO] cheese - 

Started 2018-07-06T09:24:05.179Z POST /signup ::1
[2018-07-06 17:24:08.385] [DEBUG] cheese - MONGO users.find {"conditions":{"$or":[{"loginname":"harryjack"},{"email":"cbxcvip@sina.cn"}]},"options":{},"collectionName":"users"} 3ms
[2018-07-06 17:24:11.853] [INFO] cheese - Render view sign/signup (24ms)
[2018-07-06 17:24:11.894] [INFO] cheese - Completed 422 (6715ms)
[2018-07-06 17:25:24.866] [INFO] cheese - 

Started 2018-07-06T09:25:24.866Z POST /signup ::1
[2018-07-06 17:25:24.876] [DEBUG] cheese - MONGO users.find {"conditions":{"$or":[{"loginname":"harryjack1"},{"email":"cbxcvip@sina.cn"}]},"options":{},"collectionName":"users"} 1ms
[2018-07-06 17:25:24.887] [INFO] cheese - Render view sign/signup (8ms)
[2018-07-06 17:25:24.889] [INFO] cheese - Completed 422 (23ms)
[2018-07-06 17:25:29.026] [INFO] cheese - 

Started 2018-07-06T09:25:29.026Z POST /signup ::1
[2018-07-06 17:25:29.030] [DEBUG] cheese - MONGO users.find {"conditions":{"$or":[{"loginname":"harryjack1"},{"email":"cbxcvip@sina.cn"}]},"options":{},"collectionName":"users"} 1ms
[2018-07-06 17:25:29.044] [INFO] cheese - Render view sign/signup (12ms)
[2018-07-06 17:25:29.046] [INFO] cheese - Completed 422 (20ms)
[2018-07-06 17:25:34.269] [INFO] cheese - 

Started 2018-07-06T09:25:34.269Z POST /signup ::1
[2018-07-06 17:25:34.272] [DEBUG] cheese - MONGO users.find {"conditions":{"$or":[{"loginname":"harryjack1"},{"email":"cbxcvip@sina.cn"}]},"options":{},"collectionName":"users"} 1ms
[2018-07-06 17:25:34.287] [INFO] cheese - Render view sign/signup (13ms)
[2018-07-06 17:25:34.290] [INFO] cheese - Completed 422 (21ms)
[2018-07-06 17:25:37.480] [INFO] cheese - 

Started 2018-07-06T09:25:37.480Z POST /signup ::1
[2018-07-06 17:25:37.483] [DEBUG] cheese - MONGO users.find {"conditions":{"$or":[{"loginname":"harryjack1"},{"email":"cbxcvip@sina.cn"}]},"options":{},"collectionName":"users"} 1ms
[2018-07-06 17:25:37.493] [INFO] cheese - Render view sign/signup (9ms)
[2018-07-06 17:25:37.495] [INFO] cheese - Completed 422 (15ms)
[2018-07-06 17:55:47.778] [INFO] cheese - 

Started 2018-07-06T09:55:47.778Z POST /signup ::1
[2018-07-06 17:55:47.782] [DEBUG] cheese - MONGO users.find {"conditions":{"$or":[{"loginname":"goodbye"},{"email":"cbxcvip@sina.cn"}]},"options":{},"collectionName":"users"} 1ms
[2018-07-06 17:58:23.799] [INFO] cheese - Render view sign/signup (6ms)
[2018-07-06 17:58:27.899] [INFO] cheese - NodeClub listening on port 3002
[2018-07-06 17:58:27.900] [INFO] cheese - God bless love....
[2018-07-06 17:58:27.901] [INFO] cheese - You can debug your app with http://localhost:3002
[2018-07-06 17:58:27.901] [INFO] cheese - 
